# JRE version: Java(TM) SE Runtime Environment (8.0_74-b02) (build 1.8.0_74-b02)
# Java VM: Java HotSpot(TM) 64-Bit Server VM (25.74-b02 mixed mode linux-amd64 compressed oops)
Heap:
 PSYoungGen      total 717312K, used 35313K [0x0000000780000000, 0x00000007b1580000, 0x00000007c0000000)
  eden space 638464K, 0% used [0x0000000780000000,0x0000000780000000,0x00000007a6f80000)
  from space 78848K, 44% used [0x00000007a6f80000,0x00000007a91fc530,0x00000007abc80000)
  to   space 68608K, 0% used [0x00000007abc80000,0x00000007abc80000,0x00000007aff80000)
 ParOldGen       total 190976K, used 128411K [0x0000000700000000, 0x000000070ba80000, 0x0000000780000000)
  object space 190976K, 67% used [0x0000000700000000,0x0000000707d66d58,0x000000070ba80000)
 Metaspace       used 34395K, capacity 34920K, committed 35200K, reserved 1079296K
  class space    used 4242K, capacity 4420K, committed 4480K, reserved 1048576K
GC Heap History (10 events):
Event: 61,570 GC heap after
Heap after GC invocations=11 (full 2):
 PSYoungGen      total 339456K, used 46060K [0x0000000780000000, 0x00000007a2700000, 0x00000007c0000000)
  eden space 293376K, 0% used [0x0000000780000000,0x0000000780000000,0x0000000791e80000)
  from space 46080K, 99% used [0x0000000791e80000,0x0000000794b7b0d0,0x0000000794b80000)
  to   space 60928K, 0% used [0x000000079eb80000,0x000000079eb80000,0x00000007a2700000)
 ParOldGen       total 110592K, used 81637K [0x0000000700000000, 0x0000000706c00000, 0x0000000780000000)
  object space 110592K, 73% used [0x0000000700000000,0x0000000704fb9560,0x0000000706c00000)
 Metaspace       used 32811K, capacity 33340K, committed 33536K, reserved 1079296K
  class space    used 4069K, capacity 4258K, committed 4352K, reserved 1048576K
}
Event: 65,404 GC heap before
{Heap before GC invocations=12 (full 2):
 PSYoungGen      total 339456K, used 339436K [0x0000000780000000, 0x00000007a2700000, 0x00000007c0000000)
  eden space 293376K, 100% used [0x0000000780000000,0x0000000791e80000,0x0000000791e80000)
  from space 46080K, 99% used [0x0000000791e80000,0x0000000794b7b0d0,0x0000000794b80000)
  to   space 60928K, 0% used [0x000000079eb80000,0x000000079eb80000,0x00000007a2700000)
 ParOldGen       total 110592K, used 81637K [0x0000000700000000, 0x0000000706c00000, 0x0000000780000000)
  object space 110592K, 73% used [0x0000000700000000,0x0000000704fb9560,0x0000000706c00000)
 Metaspace       used 33434K, capacity 33948K, committed 34176K, reserved 1079296K
  class space    used 4164K, capacity 4354K, committed 4480K, reserved 1048576K
Event: 65,720 GC heap after
Heap after GC invocations=12 (full 2):
 PSYoungGen      total 496640K, used 51666K [0x0000000780000000, 0x00000007a3180000, 0x00000007c0000000)
  eden space 435712K, 0% used [0x0000000780000000,0x0000000780000000,0x000000079a980000)
  from space 60928K, 84% used [0x000000079eb80000,0x00000007a1df49f0,0x00000007a2700000)
  to   space 67584K, 0% used [0x000000079a980000,0x000000079a980000,0x000000079eb80000)
 ParOldGen       total 110592K, used 103648K [0x0000000700000000, 0x0000000706c00000, 0x0000000780000000)
  object space 110592K, 93% used [0x0000000700000000,0x0000000706538118,0x0000000706c00000)
 Metaspace       used 33434K, capacity 33948K, committed 34176K, reserved 1079296K
  class space    used 4164K, capacity 4354K, committed 4480K, reserved 1048576K
}
Event: 65,720 GC heap before
{Heap before GC invocations=13 (full 3):
 PSYoungGen      total 496640K, used 51666K [0x0000000780000000, 0x00000007a3180000, 0x00000007c0000000)
  eden space 435712K, 0% used [0x0000000780000000,0x0000000780000000,0x000000079a980000)
  from space 60928K, 84% used [0x000000079eb80000,0x00000007a1df49f0,0x00000007a2700000)
  to   space 67584K, 0% used [0x000000079a980000,0x000000079a980000,0x000000079eb80000)
 ParOldGen       total 110592K, used 103648K [0x0000000700000000, 0x0000000706c00000, 0x0000000780000000)
  object space 110592K, 93% used [0x0000000700000000,0x0000000706538118,0x0000000706c00000)
 Metaspace       used 33434K, capacity 33948K, committed 34176K, reserved 1079296K
  class space    used 4164K, capacity 4354K, committed 4480K, reserved 1048576K
Event: 67,013 GC heap after
Heap after GC invocations=13 (full 3):
 PSYoungGen      total 496640K, used 0K [0x0000000780000000, 0x00000007a3180000, 0x00000007c0000000)
  eden space 435712K, 0% used [0x0000000780000000,0x0000000780000000,0x000000079a980000)
  from space 60928K, 0% used [0x000000079eb80000,0x000000079eb80000,0x00000007a2700000)
  to   space 67584K, 0% used [0x000000079a980000,0x000000079a980000,0x000000079eb80000)
 ParOldGen       total 190976K, used 105650K [0x0000000700000000, 0x000000070ba80000, 0x0000000780000000)
  object space 190976K, 55% used [0x0000000700000000,0x000000070672c940,0x000000070ba80000)
 Metaspace       used 33434K, capacity 33948K, committed 34176K, reserved 1079296K
  class space    used 4164K, capacity 4354K, committed 4480K, reserved 1048576K
}
Event: 72,208 GC heap before
{Heap before GC invocations=14 (full 3):
 PSYoungGen      total 496640K, used 435712K [0x0000000780000000, 0x00000007a3180000, 0x00000007c0000000)
  eden space 435712K, 100% used [0x0000000780000000,0x000000079a980000,0x000000079a980000)
  from space 60928K, 0% used [0x000000079eb80000,0x000000079eb80000,0x00000007a2700000)
  to   space 67584K, 0% used [0x000000079a980000,0x000000079a980000,0x000000079eb80000)
 ParOldGen       total 190976K, used 105650K [0x0000000700000000, 0x000000070ba80000, 0x0000000780000000)
  object space 190976K, 55% used [0x0000000700000000,0x000000070672c940,0x000000070ba80000)
 Metaspace       used 34203K, capacity 34728K, committed 34944K, reserved 1079296K
  class space    used 4239K, capacity 4420K, committed 4480K, reserved 1048576K
Event: 78,212 GC heap after
Heap after GC invocations=14 (full 3):
 PSYoungGen      total 503296K, used 41776K [0x0000000780000000, 0x00000007aff80000, 0x00000007c0000000)
  eden space 435712K, 0% used [0x0000000780000000,0x0000000780000000,0x000000079a980000)
  from space 67584K, 61% used [0x000000079a980000,0x000000079d24c218,0x000000079eb80000)
  to   space 68608K, 0% used [0x00000007abc80000,0x00000007abc80000,0x00000007aff80000)
 ParOldGen       total 190976K, used 105658K [0x0000000700000000, 0x000000070ba80000, 0x0000000780000000)
  object space 190976K, 55% used [0x0000000700000000,0x000000070672e940,0x000000070ba80000)
 Metaspace       used 34203K, capacity 34728K, committed 34944K, reserved 1079296K
  class space    used 4239K, capacity 4420K, committed 4480K, reserved 1048576K
}
Event: 81,024 GC heap before
{Heap before GC invocations=15 (full 3):
 PSYoungGen      total 503296K, used 477488K [0x0000000780000000, 0x00000007aff80000, 0x00000007c0000000)
  eden space 435712K, 100% used [0x0000000780000000,0x000000079a980000,0x000000079a980000)
  from space 67584K, 61% used [0x000000079a980000,0x000000079d24c218,0x000000079eb80000)
  to   space 68608K, 0% used [0x00000007abc80000,0x00000007abc80000,0x00000007aff80000)
 ParOldGen       total 190976K, used 105658K [0x0000000700000000, 0x000000070ba80000, 0x0000000780000000)
  object space 190976K, 55% used [0x0000000700000000,0x000000070672e940,0x000000070ba80000)
 Metaspace       used 34299K, capacity 34856K, committed 35200K, reserved 1079296K
  class space    used 4239K, capacity 4420K, committed 4480K, reserved 1048576K
Event: 81,736 GC heap after
Heap after GC invocations=15 (full 3):
 PSYoungGen      total 707072K, used 67532K [0x0000000780000000, 0x00000007b1580000, 0x00000007c0000000)
  eden space 638464K, 0% used [0x0000000780000000,0x0000000780000000,0x00000007a6f80000)
  from space 68608K, 98% used [0x00000007abc80000,0x00000007afe73370,0x00000007aff80000)
  to   space 78848K, 0% used [0x00000007a6f80000,0x00000007a6f80000,0x00000007abc80000)
 ParOldGen       total 190976K, used 122514K [0x0000000700000000, 0x000000070ba80000, 0x0000000780000000)
  object space 190976K, 64% used [0x0000000700000000,0x00000007077a4b00,0x000000070ba80000)
 Metaspace       used 34299K, capacity 34856K, committed 35200K, reserved 1079296K
  class space    used 4239K, capacity 4420K, committed 4480K, reserved 1048576K
}
Event: 87,530 GC heap before
{Heap before GC invocations=16 (full 3):
 PSYoungGen      total 707072K, used 705996K [0x0000000780000000, 0x00000007b1580000, 0x00000007c0000000)
  eden space 638464K, 100% used [0x0000000780000000,0x00000007a6f80000,0x00000007a6f80000)
  from space 68608K, 98% used [0x00000007abc80000,0x00000007afe73370,0x00000007aff80000)
  to   space 78848K, 0% used [0x00000007a6f80000,0x00000007a6f80000,0x00000007abc80000)
 ParOldGen       total 190976K, used 122514K [0x0000000700000000, 0x000000070ba80000, 0x0000000780000000)
  object space 190976K, 64% used [0x0000000700000000,0x00000007077a4b10,0x000000070ba80000)
 Metaspace       used 34395K, capacity 34920K, committed 35200K, reserved 1079296K
  class space    used 4242K, capacity 4420K, committed 4480K, reserved 1048576K

